

Processing ApplicationController#index (for 129.7.204.176 at 2012-04-22 14:32:30) [GET]

ActionController::RoutingError (No route matches "/home" with {:method=>:get}):
  C:/Ruby187/lib/ruby/1.8/webrick/httpserver.rb:104:in `service'
  C:/Ruby187/lib/ruby/1.8/webrick/httpserver.rb:65:in `run'
  C:/Ruby187/lib/ruby/1.8/webrick/server.rb:173:in `start_thread'
  C:/Ruby187/lib/ruby/1.8/webrick/server.rb:162:in `start'
  C:/Ruby187/lib/ruby/1.8/webrick/server.rb:162:in `start_thread'
  C:/Ruby187/lib/ruby/1.8/webrick/server.rb:95:in `start'
  C:/Ruby187/lib/ruby/1.8/webrick/server.rb:92:in `each'
  C:/Ruby187/lib/ruby/1.8/webrick/server.rb:92:in `start'
  C:/Ruby187/lib/ruby/1.8/webrick/server.rb:23:in `start'
  C:/Ruby187/lib/ruby/1.8/webrick/server.rb:82:in `start'

Rendering rescues/layout (not_found)


Processing ApplicationController#index (for 129.7.204.176 at 2012-04-22 14:32:33) [GET]

ActionController::RoutingError (No route matches "/homes" with {:method=>:get}):
  C:/Ruby187/lib/ruby/1.8/webrick/httpserver.rb:104:in `service'
  C:/Ruby187/lib/ruby/1.8/webrick/httpserver.rb:65:in `run'
  C:/Ruby187/lib/ruby/1.8/webrick/server.rb:173:in `start_thread'
  C:/Ruby187/lib/ruby/1.8/webrick/server.rb:162:in `start'
  C:/Ruby187/lib/ruby/1.8/webrick/server.rb:162:in `start_thread'
  C:/Ruby187/lib/ruby/1.8/webrick/server.rb:95:in `start'
  C:/Ruby187/lib/ruby/1.8/webrick/server.rb:92:in `each'
  C:/Ruby187/lib/ruby/1.8/webrick/server.rb:92:in `start'
  C:/Ruby187/lib/ruby/1.8/webrick/server.rb:23:in `start'
  C:/Ruby187/lib/ruby/1.8/webrick/server.rb:82:in `start'

Rendering rescues/layout (not_found)


Processing ApplicationController#index (for 129.7.204.176 at 2012-04-22 14:32:44) [GET]

ActionController::RoutingError (No route matches "/homes" with {:method=>:get}):
  C:/Ruby187/lib/ruby/1.8/webrick/httpserver.rb:104:in `service'
  C:/Ruby187/lib/ruby/1.8/webrick/httpserver.rb:65:in `run'
  C:/Ruby187/lib/ruby/1.8/webrick/server.rb:173:in `start_thread'
  C:/Ruby187/lib/ruby/1.8/webrick/server.rb:162:in `start'
  C:/Ruby187/lib/ruby/1.8/webrick/server.rb:162:in `start_thread'
  C:/Ruby187/lib/ruby/1.8/webrick/server.rb:95:in `start'
  C:/Ruby187/lib/ruby/1.8/webrick/server.rb:92:in `each'
  C:/Ruby187/lib/ruby/1.8/webrick/server.rb:92:in `start'
  C:/Ruby187/lib/ruby/1.8/webrick/server.rb:23:in `start'
  C:/Ruby187/lib/ruby/1.8/webrick/server.rb:82:in `start'

Rendering rescues/layout (not_found)


Processing ApplicationController#index (for 129.7.204.176 at 2012-04-22 14:47:32) [GET]

ActionController::RoutingError (No route matches "/homes" with {:method=>:get}):
  C:/Ruby187/lib/ruby/1.8/webrick/httpserver.rb:104:in `service'
  C:/Ruby187/lib/ruby/1.8/webrick/httpserver.rb:65:in `run'
  C:/Ruby187/lib/ruby/1.8/webrick/server.rb:173:in `start_thread'
  C:/Ruby187/lib/ruby/1.8/webrick/server.rb:162:in `start'
  C:/Ruby187/lib/ruby/1.8/webrick/server.rb:162:in `start_thread'
  C:/Ruby187/lib/ruby/1.8/webrick/server.rb:95:in `start'
  C:/Ruby187/lib/ruby/1.8/webrick/server.rb:92:in `each'
  C:/Ruby187/lib/ruby/1.8/webrick/server.rb:92:in `start'
  C:/Ruby187/lib/ruby/1.8/webrick/server.rb:23:in `start'
  C:/Ruby187/lib/ruby/1.8/webrick/server.rb:82:in `start'

Rendering rescues/layout (not_found)


Processing HomesController#index (for 129.7.204.176 at 2012-04-22 15:10:31) [GET]
  [4;36;1mHome Load (0.0ms)[0m   [0;1mSQLite3::SQLException: no such table: homes: SELECT * FROM "homes" [0m

ActiveRecord::StatementInvalid (SQLite3::SQLException: no such table: homes: SELECT * FROM "homes" ):
  app/controllers/homes_controller.rb:7:in `index'
  C:/Ruby187/lib/ruby/1.8/webrick/httpserver.rb:104:in `service'
  C:/Ruby187/lib/ruby/1.8/webrick/httpserver.rb:65:in `run'
  C:/Ruby187/lib/ruby/1.8/webrick/server.rb:173:in `start_thread'
  C:/Ruby187/lib/ruby/1.8/webrick/server.rb:162:in `start'
  C:/Ruby187/lib/ruby/1.8/webrick/server.rb:162:in `start_thread'
  C:/Ruby187/lib/ruby/1.8/webrick/server.rb:95:in `start'
  C:/Ruby187/lib/ruby/1.8/webrick/server.rb:92:in `each'
  C:/Ruby187/lib/ruby/1.8/webrick/server.rb:92:in `start'
  C:/Ruby187/lib/ruby/1.8/webrick/server.rb:23:in `start'
  C:/Ruby187/lib/ruby/1.8/webrick/server.rb:82:in `start'

Rendered rescues/_trace (62.4ms)
Rendered rescues/_request_and_response (0.0ms)
Rendering rescues/layout (internal_server_error)


Processing HomesController#index (for 129.7.204.176 at 2012-04-22 15:10:47) [GET]
  [4;35;1mHome Load (0.0ms)[0m   [0mSQLite3::SQLException: no such table: homes: SELECT * FROM "homes" [0m

ActiveRecord::StatementInvalid (SQLite3::SQLException: no such table: homes: SELECT * FROM "homes" ):
  app/controllers/homes_controller.rb:7:in `index'
  C:/Ruby187/lib/ruby/1.8/webrick/httpserver.rb:104:in `service'
  C:/Ruby187/lib/ruby/1.8/webrick/httpserver.rb:65:in `run'
  C:/Ruby187/lib/ruby/1.8/webrick/server.rb:173:in `start_thread'
  C:/Ruby187/lib/ruby/1.8/webrick/server.rb:162:in `start'
  C:/Ruby187/lib/ruby/1.8/webrick/server.rb:162:in `start_thread'
  C:/Ruby187/lib/ruby/1.8/webrick/server.rb:95:in `start'
  C:/Ruby187/lib/ruby/1.8/webrick/server.rb:92:in `each'
  C:/Ruby187/lib/ruby/1.8/webrick/server.rb:92:in `start'
  C:/Ruby187/lib/ruby/1.8/webrick/server.rb:23:in `start'
  C:/Ruby187/lib/ruby/1.8/webrick/server.rb:82:in `start'

Rendered rescues/_trace (31.2ms)
Rendered rescues/_request_and_response (0.0ms)
Rendering rescues/layout (internal_server_error)


Processing HomesController#index (for 129.7.204.176 at 2012-04-22 15:11:19) [GET]
  [4;36;1mHome Load (0.0ms)[0m   [0;1mSQLite3::SQLException: no such table: homes: SELECT * FROM "homes" [0m

ActiveRecord::StatementInvalid (SQLite3::SQLException: no such table: homes: SELECT * FROM "homes" ):
  app/controllers/homes_controller.rb:7:in `index'
  C:/Ruby187/lib/ruby/1.8/webrick/httpserver.rb:104:in `service'
  C:/Ruby187/lib/ruby/1.8/webrick/httpserver.rb:65:in `run'
  C:/Ruby187/lib/ruby/1.8/webrick/server.rb:173:in `start_thread'
  C:/Ruby187/lib/ruby/1.8/webrick/server.rb:162:in `start'
  C:/Ruby187/lib/ruby/1.8/webrick/server.rb:162:in `start_thread'
  C:/Ruby187/lib/ruby/1.8/webrick/server.rb:95:in `start'
  C:/Ruby187/lib/ruby/1.8/webrick/server.rb:92:in `each'
  C:/Ruby187/lib/ruby/1.8/webrick/server.rb:92:in `start'
  C:/Ruby187/lib/ruby/1.8/webrick/server.rb:23:in `start'
  C:/Ruby187/lib/ruby/1.8/webrick/server.rb:82:in `start'

Rendered rescues/_trace (31.2ms)
Rendered rescues/_request_and_response (0.0ms)
Rendering rescues/layout (internal_server_error)


Processing HomesController#index (for 129.7.204.176 at 2012-04-22 15:11:22) [GET]
  [4;35;1mHome Load (0.0ms)[0m   [0mSQLite3::SQLException: no such table: homes: SELECT * FROM "homes" [0m

ActiveRecord::StatementInvalid (SQLite3::SQLException: no such table: homes: SELECT * FROM "homes" ):
  app/controllers/homes_controller.rb:7:in `index'
  C:/Ruby187/lib/ruby/1.8/webrick/httpserver.rb:104:in `service'
  C:/Ruby187/lib/ruby/1.8/webrick/httpserver.rb:65:in `run'
  C:/Ruby187/lib/ruby/1.8/webrick/server.rb:173:in `start_thread'
  C:/Ruby187/lib/ruby/1.8/webrick/server.rb:162:in `start'
  C:/Ruby187/lib/ruby/1.8/webrick/server.rb:162:in `start_thread'
  C:/Ruby187/lib/ruby/1.8/webrick/server.rb:95:in `start'
  C:/Ruby187/lib/ruby/1.8/webrick/server.rb:92:in `each'
  C:/Ruby187/lib/ruby/1.8/webrick/server.rb:92:in `start'
  C:/Ruby187/lib/ruby/1.8/webrick/server.rb:23:in `start'
  C:/Ruby187/lib/ruby/1.8/webrick/server.rb:82:in `start'

Rendered rescues/_trace (31.2ms)
Rendered rescues/_request_and_response (0.0ms)
Rendering rescues/layout (internal_server_error)


Processing HomesController#index (for 129.7.204.176 at 2012-04-22 15:11:41) [GET]
Rendering template within layouts/application
Rendering homes/index
Rendered layouts/_start (15.6ms)
Rendered layouts/_header (0.0ms)
Rendered layouts/_leftcol (0.0ms)
Rendered layouts/_help (15.6ms)
Rendered layouts/_footer (0.0ms)
Completed in 94ms (View: 94, DB: 0) | 200 OK [http://floodwatch.ie.uh.edu/homes]


Processing HomesController#index (for 129.7.204.176 at 2012-04-22 15:14:49) [GET]
Rendering template within layouts/application
Rendering homes/index
Rendered layouts/_start (0.0ms)
Rendered layouts/_header (0.0ms)
Rendered layouts/_leftcol (0.0ms)
Rendered layouts/_help (15.6ms)
Rendered layouts/_footer (0.0ms)
Completed in 16ms (View: 16, DB: 0) | 200 OK [http://floodwatch.ie.uh.edu/homes]


Processing HomesController#index (for 129.7.204.176 at 2012-04-22 15:15:17) [GET]
Rendering template within layouts/application
Rendering homes/index
Rendered layouts/_start (0.0ms)
Rendered layouts/_header (0.0ms)
Rendered layouts/_leftcol (0.0ms)
Rendered layouts/_help (0.0ms)
Rendered layouts/_footer (15.6ms)
Completed in 31ms (View: 31, DB: 0) | 200 OK [http://floodwatch.ie.uh.edu/homes]


Processing HomesController#index (for 129.7.204.176 at 2012-04-22 15:15:19) [GET]
Rendering template within layouts/application
Rendering homes/index
Rendered layouts/_start (0.0ms)
Rendered layouts/_header (0.0ms)
Rendered layouts/_leftcol (0.0ms)
Rendered layouts/_help (15.6ms)
Rendered layouts/_footer (0.0ms)
Completed in 16ms (View: 16, DB: 0) | 200 OK [http://floodwatch.ie.uh.edu/homes]


Processing HomesController#index (for 129.7.204.176 at 2012-04-22 15:15:21) [GET]
Rendering template within layouts/application
Rendering homes/index
Rendered layouts/_start (15.6ms)
Rendered layouts/_header (0.0ms)
Rendered layouts/_leftcol (0.0ms)
Rendered layouts/_help (15.6ms)
Rendered layouts/_footer (0.0ms)
Completed in 62ms (View: 62, DB: 0) | 200 OK [http://floodwatch.ie.uh.edu/homes]


Processing HomesController#index (for 129.7.204.176 at 2012-04-22 15:15:21) [GET]
Rendering template within layouts/application
Rendering homes/index
Rendered layouts/_start (0.0ms)
Rendered layouts/_header (0.0ms)
Rendered layouts/_leftcol (0.0ms)
Rendered layouts/_help (0.0ms)
Rendered layouts/_footer (0.0ms)
Completed in 47ms (View: 31, DB: 0) | 200 OK [http://floodwatch.ie.uh.edu/homes]


Processing HomesController#index (for 129.7.204.176 at 2012-04-22 15:15:21) [GET]
Rendering template within layouts/application
Rendering homes/index
Rendered layouts/_start (15.6ms)
Rendered layouts/_header (0.0ms)
Rendered layouts/_leftcol (0.0ms)
Rendered layouts/_help (15.6ms)
Rendered layouts/_footer (0.0ms)
Completed in 31ms (View: 31, DB: 0) | 200 OK [http://floodwatch.ie.uh.edu/homes]


Processing HomesController#index (for 129.7.204.176 at 2012-04-22 15:15:22) [GET]
Rendering template within layouts/application
Rendering homes/index
Rendered layouts/_start (15.6ms)
Rendered layouts/_header (0.0ms)
Rendered layouts/_leftcol (0.0ms)
Rendered layouts/_help (15.6ms)
Rendered layouts/_footer (0.0ms)
Completed in 31ms (View: 31, DB: 0) | 200 OK [http://floodwatch.ie.uh.edu/homes]


Processing HomesController#index (for 129.7.204.176 at 2012-04-22 15:15:36) [GET]
Rendering template within layouts/application
Rendering homes/index
Rendered layouts/_start (15.6ms)
Rendered layouts/_header (0.0ms)
Rendered layouts/_leftcol (0.0ms)
Rendered layouts/_help (0.0ms)
Rendered layouts/_footer (0.0ms)
Completed in 31ms (View: 31, DB: 0) | 200 OK [http://floodwatch.ie.uh.edu/homes]


Processing HomesController#index (for 129.7.204.176 at 2012-04-22 15:16:17) [GET]
Rendering template within layouts/application
Rendering homes/index
Rendered layouts/_start (0.0ms)
Rendered layouts/_header (0.0ms)
Rendered layouts/_leftcol (0.0ms)
Rendered layouts/_help (0.0ms)
Rendered layouts/_footer (0.0ms)
Completed in 0ms (View: 0, DB: 0) | 200 OK [http://floodwatch.ie.uh.edu/homes]


Processing HomesController#index (for 129.7.204.176 at 2012-04-22 15:16:41) [GET]
Rendering template within layouts/application
Rendering homes/index
Rendered layouts/_start (15.6ms)
Rendered layouts/_header (0.0ms)
Rendered layouts/_leftcol (0.0ms)
Rendered layouts/_help (0.0ms)
Rendered layouts/_footer (0.0ms)
Completed in 16ms (View: 16, DB: 0) | 200 OK [http://floodwatch.ie.uh.edu/]


Processing HomesController#index (for 129.7.204.176 at 2012-04-22 15:16:45) [GET]
Rendering template within layouts/application
Rendering homes/index
Rendered layouts/_start (0.0ms)
Rendered layouts/_header (0.0ms)
Rendered layouts/_leftcol (0.0ms)
Rendered layouts/_help (15.6ms)
Rendered layouts/_footer (0.0ms)
Completed in 31ms (View: 31, DB: 0) | 200 OK [http://floodwatch.ie.uh.edu/]


Processing HomesController#index (for 129.7.204.176 at 2012-04-22 15:17:21) [GET]
Rendering template within layouts/application
Rendering homes/index
Rendered layouts/_start (0.0ms)
Rendered layouts/_header (0.0ms)
Rendered layouts/_leftcol (0.0ms)
Rendered layouts/_help (0.0ms)
Rendered layouts/_footer (0.0ms)
Completed in 31ms (View: 16, DB: 0) | 200 OK [http://floodwatch.ie.uh.edu/homes]


Processing HomesController#index (for 129.7.204.176 at 2012-04-22 15:17:26) [GET]
Rendering template within layouts/application
Rendering homes/index
Rendered layouts/_start (15.6ms)
Rendered layouts/_header (0.0ms)
Rendered layouts/_leftcol (0.0ms)
Rendered layouts/_help (0.0ms)
Rendered layouts/_footer (0.0ms)
Completed in 16ms (View: 16, DB: 0) | 200 OK [http://floodwatch.ie.uh.edu/homes]


Processing HomesController#index (for 129.7.204.176 at 2012-04-22 15:22:02) [GET]
Rendering template within layouts/application
Rendering homes/index
Rendered layouts/_start (15.6ms)
Rendered layouts/_header (0.0ms)
Rendered layouts/_leftcol (15.6ms)
Rendered layouts/_help (0.0ms)
Rendered layouts/_footer (0.0ms)
Completed in 94ms (View: 94, DB: 0) | 200 OK [http://floodwatch.ie.uh.edu/homes]


Processing HomesController#index (for 129.7.204.176 at 2012-04-22 15:23:09) [GET]
Rendering template within layouts/application
Rendering homes/index
Rendered layouts/_start (15.6ms)
Rendered layouts/_header (0.0ms)
Rendered layouts/_leftcol (0.0ms)
Rendered layouts/_help (0.0ms)
Rendered layouts/_footer (0.0ms)
Completed in 16ms (View: 16, DB: 0) | 200 OK [http://floodwatch.ie.uh.edu/]


Processing HomesController#index (for 129.7.204.176 at 2012-04-22 15:23:11) [GET]
Rendering template within layouts/application
Rendering homes/index
Rendered layouts/_start (31.2ms)
Rendered layouts/_header (0.0ms)
Rendered layouts/_leftcol (0.0ms)
Rendered layouts/_help (15.6ms)
Rendered layouts/_footer (0.0ms)
Completed in 47ms (View: 47, DB: 0) | 200 OK [http://floodwatch.ie.uh.edu/]


Processing ApplicationController#index (for 129.7.204.176 at 2012-04-22 15:25:53) [GET]

ActionController::RoutingError (No route matches "/manager/status" with {:method=>:get}):
  C:/Ruby187/lib/ruby/1.8/webrick/httpserver.rb:104:in `service'
  C:/Ruby187/lib/ruby/1.8/webrick/httpserver.rb:65:in `run'
  C:/Ruby187/lib/ruby/1.8/webrick/server.rb:173:in `start_thread'
  C:/Ruby187/lib/ruby/1.8/webrick/server.rb:162:in `start'
  C:/Ruby187/lib/ruby/1.8/webrick/server.rb:162:in `start_thread'
  C:/Ruby187/lib/ruby/1.8/webrick/server.rb:95:in `start'
  C:/Ruby187/lib/ruby/1.8/webrick/server.rb:92:in `each'
  C:/Ruby187/lib/ruby/1.8/webrick/server.rb:92:in `start'
  C:/Ruby187/lib/ruby/1.8/webrick/server.rb:23:in `start'
  C:/Ruby187/lib/ruby/1.8/webrick/server.rb:82:in `start'

Rendering rescues/layout (not_found)


Processing HomesController#index (for 129.7.204.176 at 2012-04-22 15:27:17) [GET]
Rendering template within layouts/application
Rendering homes/index
Rendered layouts/_start (0.0ms)
Rendered layouts/_header (0.0ms)
Rendered layouts/_leftcol (0.0ms)
Rendered layouts/_help (0.0ms)
Rendered layouts/_footer (0.0ms)
Completed in 16ms (View: 16, DB: 0) | 200 OK [http://floodwatch.ie.uh.edu/homes]


Processing HomesController#index (for 129.7.204.176 at 2012-04-22 15:28:27) [GET]
Rendering template within layouts/application
Rendering homes/index
Rendered layouts/_start (0.0ms)
Rendered layouts/_header (0.0ms)
Rendered layouts/_leftcol (0.0ms)
Rendered layouts/_help (15.6ms)
Rendered layouts/_footer (0.0ms)
Completed in 16ms (View: 16, DB: 0) | 200 OK [http://floodwatch.ie.uh.edu/]


Processing HomesController#index (for 129.7.204.176 at 2012-04-22 15:29:10) [GET]
Rendering template within layouts/application
Rendering homes/index
Rendered layouts/_start (15.6ms)
Rendered layouts/_header (0.0ms)
Rendered layouts/_leftcol (0.0ms)
Rendered layouts/_help (0.0ms)
Rendered layouts/_footer (0.0ms)
Completed in 16ms (View: 16, DB: 0) | 200 OK [http://floodwatch.ie.uh.edu/]


Processing HomesController#index (for 129.7.204.176 at 2012-04-22 15:29:45) [GET]
Rendering template within layouts/application
Rendering homes/index
Rendered layouts/_start (0.0ms)
Rendered layouts/_header (0.0ms)
Rendered layouts/_leftcol (0.0ms)
Rendered layouts/_help (0.0ms)
Rendered layouts/_footer (0.0ms)
Completed in 47ms (View: 47, DB: 0) | 200 OK [http://floodwatch.ie.uh.edu/]


Processing HomesController#index (for 129.7.204.176 at 2012-04-22 15:32:38) [GET]
Rendering template within layouts/application
Rendering homes/index
Rendered layouts/_start (15.6ms)
Rendered layouts/_header (0.0ms)
Rendered layouts/_leftcol (0.0ms)
Rendered layouts/_help (0.0ms)
Rendered layouts/_footer (0.0ms)
Completed in 16ms (View: 16, DB: 0) | 200 OK [http://floodwatch.ie.uh.edu/]


Processing HomesController#index (for 129.7.204.176 at 2012-04-22 15:33:18) [GET]
Rendering template within layouts/application
Rendering homes/index
Rendered layouts/_start (0.0ms)
Rendered layouts/_header (0.0ms)
Rendered layouts/_leftcol (0.0ms)
Rendered layouts/_help (0.0ms)
Rendered layouts/_footer (0.0ms)
Completed in 0ms (View: 0, DB: 0) | 200 OK [http://floodwatch.ie.uh.edu/]


Processing HomesController#index (for 129.7.204.176 at 2012-04-22 15:34:21) [GET]
Rendering template within layouts/application
Rendering homes/index
Rendered layouts/_start (0.0ms)
Rendered layouts/_header (0.0ms)
Rendered layouts/_leftcol (0.0ms)
Rendered layouts/_help (15.6ms)
Rendered layouts/_footer (0.0ms)
Completed in 31ms (View: 16, DB: 0) | 200 OK [http://floodwatch.ie.uh.edu/]


Processing HomesController#index (for 129.7.204.176 at 2012-04-22 15:35:53) [GET]
Rendering template within layouts/application
Rendering homes/index
Rendered layouts/_start (0.0ms)
Rendered layouts/_header (0.0ms)
Rendered layouts/_leftcol (0.0ms)
Rendered layouts/_help (15.6ms)
Rendered layouts/_footer (0.0ms)
Completed in 62ms (View: 16, DB: 0) | 200 OK [http://floodwatch.ie.uh.edu/]


Processing HomesController#index (for 129.7.204.176 at 2012-04-22 15:39:02) [GET]
Rendering template within layouts/application
Rendering homes/index
Rendered layouts/_start (5.0ms)
Rendered layouts/_header (0.0ms)
Rendered layouts/_leftcol (0.0ms)
Rendered layouts/_help (3.0ms)
Rendered layouts/_footer (0.0ms)
Completed in 17ms (View: 15, DB: 0) | 200 OK [http://floodwatch.ie.uh.edu/]


Processing HomesController#index (for 129.7.204.176 at 2012-04-22 15:40:05) [GET]
Rendering template within layouts/application
Rendering homes/index
Rendered layouts/_start (5.0ms)
Rendered layouts/_header (0.0ms)
Rendered layouts/_leftcol (1.0ms)
Rendered layouts/_help (3.0ms)
Rendered layouts/_footer (1.0ms)
Completed in 13ms (View: 12, DB: 0) | 200 OK [http://floodwatch.ie.uh.edu/]


Processing HomesController#index (for 129.7.204.176 at 2012-04-22 15:42:33) [GET]
Rendering template within layouts/application
Rendering homes/index
Rendered layouts/_start (0.0ms)
Rendered layouts/_header (0.0ms)
Rendered layouts/_leftcol (0.0ms)
Rendered layouts/_help (0.0ms)
Rendered layouts/_footer (0.0ms)
Completed in 16ms (View: 16, DB: 0) | 200 OK [http://floodwatch.ie.uh.edu/]


Processing HomesController#index (for 129.7.204.176 at 2012-04-22 15:44:04) [GET]
Rendering template within layouts/application
Rendering homes/index
Rendered layouts/_start (15.6ms)
Rendered layouts/_header (0.0ms)
Rendered layouts/_leftcol (0.0ms)
Rendered layouts/_help (0.0ms)
Rendered layouts/_footer (0.0ms)
Completed in 16ms (View: 16, DB: 0) | 200 OK [http://floodwatch.ie.uh.edu/]


Processing HomesController#index (for 129.7.204.176 at 2012-04-22 15:45:14) [GET]
Rendering template within layouts/application
Rendering homes/index
Rendered layouts/_start (0.0ms)
Rendered layouts/_header (0.0ms)
Rendered layouts/_leftcol (0.0ms)
Rendered layouts/_help (0.0ms)
Rendered layouts/_footer (0.0ms)
Completed in 16ms (View: 16, DB: 0) | 200 OK [http://floodwatch.ie.uh.edu/]


Processing HomesController#index (for 129.7.204.176 at 2012-04-22 15:45:17) [GET]
Rendering template within layouts/application
Rendering homes/index
Rendered layouts/_start (0.0ms)
Rendered layouts/_header (0.0ms)
Rendered layouts/_leftcol (0.0ms)
Rendered layouts/_help (0.0ms)
Rendered layouts/_footer (0.0ms)
Completed in 16ms (View: 16, DB: 0) | 200 OK [http://floodwatch.ie.uh.edu/]


Processing HomesController#index (for 129.7.204.176 at 2012-04-22 15:45:19) [GET]
Rendering template within layouts/application
Rendering homes/index
Rendered layouts/_start (0.0ms)
Rendered layouts/_header (0.0ms)
Rendered layouts/_leftcol (0.0ms)
Rendered layouts/_help (0.0ms)
Rendered layouts/_footer (0.0ms)
Completed in 0ms (View: 0, DB: 0) | 200 OK [http://floodwatch.ie.uh.edu/]


Processing HomesController#index (for 129.7.204.176 at 2012-04-22 15:46:21) [GET]
Rendering template within layouts/application
Rendering homes/index
Rendered layouts/_start (0.0ms)
Rendered layouts/_header (0.0ms)
Rendered layouts/_leftcol (0.0ms)
Rendered layouts/_help (0.0ms)
Rendered layouts/_footer (0.0ms)
Completed in 16ms (View: 16, DB: 0) | 200 OK [http://floodwatch.ie.uh.edu/]


Processing HomesController#index (for 129.7.204.176 at 2012-04-22 15:48:30) [GET]
Rendering template within layouts/application
Rendering homes/index
Rendered layouts/_start (0.0ms)
Rendered layouts/_header (0.0ms)
Rendered layouts/_leftcol (0.0ms)
Rendered layouts/_help (0.0ms)
Rendered layouts/_footer (0.0ms)
Completed in 16ms (View: 16, DB: 0) | 200 OK [http://floodwatch.ie.uh.edu/]


Processing HomesController#index (for 129.7.204.176 at 2012-04-22 15:48:49) [GET]
Rendering template within layouts/application
Rendering homes/index
Rendered layouts/_start (0.0ms)
Rendered layouts/_header (0.0ms)
Rendered layouts/_leftcol (0.0ms)
Rendered layouts/_help (0.0ms)
Rendered layouts/_footer (15.6ms)
Completed in 31ms (View: 31, DB: 0) | 200 OK [http://floodwatch.ie.uh.edu/]


Processing HomesController#index (for 129.7.204.176 at 2012-04-22 15:53:20) [GET]
Rendering template within layouts/application
Rendering homes/index
Rendered layouts/_start (0.0ms)
Rendered layouts/_header (0.0ms)
Rendered layouts/_leftcol (0.0ms)
Rendered layouts/_help (0.0ms)
Rendered layouts/_footer (0.0ms)
Completed in 16ms (View: 16, DB: 0) | 200 OK [http://floodwatch.ie.uh.edu/]


Processing HomesController#index (for 129.7.204.176 at 2012-04-22 15:56:12) [GET]
Rendering template within layouts/application
Rendering homes/index
Rendered layouts/_start (0.0ms)
Rendered layouts/_header (0.0ms)
Rendered layouts/_leftcol (0.0ms)
Rendered layouts/_help (0.0ms)
Rendered layouts/_footer (0.0ms)
Completed in 16ms (View: 16, DB: 0) | 200 OK [http://floodwatch.ie.uh.edu/]


Processing HomesController#index (for 129.7.204.176 at 2012-04-22 15:58:57) [GET]
Rendering template within layouts/application
Rendering homes/index
Rendered layouts/_start (0.0ms)
Rendered layouts/_header (0.0ms)
Rendered layouts/_leftcol (0.0ms)
Rendered layouts/_help (0.0ms)
Rendered layouts/_footer (0.0ms)
Completed in 16ms (View: 16, DB: 0) | 200 OK [http://floodwatch.ie.uh.edu/]


Processing HomesController#index (for 129.7.204.176 at 2012-04-22 15:59:27) [GET]
Rendering template within layouts/application
Rendering homes/index
Rendered layouts/_start (15.6ms)
Rendered layouts/_header (0.0ms)
Rendered layouts/_leftcol (0.0ms)
Rendered layouts/_help (0.0ms)
Rendered layouts/_footer (0.0ms)
Completed in 16ms (View: 16, DB: 0) | 200 OK [http://floodwatch.ie.uh.edu/]


Processing HomesController#index (for 129.7.204.176 at 2012-04-22 16:00:16) [GET]
Rendering template within layouts/application
Rendering homes/index
Rendered layouts/_start (15.6ms)
Rendered layouts/_header (0.0ms)
Rendered layouts/_leftcol (0.0ms)
Rendered layouts/_help (0.0ms)
Rendered layouts/_footer (0.0ms)
Completed in 16ms (View: 16, DB: 0) | 200 OK [http://floodwatch.ie.uh.edu/]


Processing HomesController#index (for 129.7.204.176 at 2012-04-22 16:01:51) [GET]
Rendering template within layouts/application
Rendering homes/index
Rendered layouts/_start (0.0ms)
Rendered layouts/_header (0.0ms)
Rendered layouts/_leftcol (0.0ms)
Rendered layouts/_help (0.0ms)
Rendered layouts/_footer (0.0ms)
Completed in 16ms (View: 16, DB: 0) | 200 OK [http://floodwatch.ie.uh.edu/]


Processing HomesController#index (for 129.7.204.176 at 2012-04-22 16:08:48) [GET]
Rendering template within layouts/application
Rendering homes/index
Rendered layouts/_start (0.0ms)
Rendered layouts/_header (0.0ms)
Rendered layouts/_leftcol (0.0ms)
Rendered layouts/_help (0.0ms)
Rendered layouts/_footer (0.0ms)
Completed in 16ms (View: 16, DB: 0) | 200 OK [http://floodwatch.ie.uh.edu/]


Processing HomesController#index (for 129.7.204.176 at 2012-04-22 16:09:25) [GET]
Rendering template within layouts/application
Rendering homes/index
Rendered layouts/_start (15.6ms)
Rendered layouts/_header (0.0ms)
Rendered layouts/_leftcol (0.0ms)
Rendered layouts/_help (0.0ms)
Rendered layouts/_footer (0.0ms)
Completed in 16ms (View: 16, DB: 0) | 200 OK [http://floodwatch.ie.uh.edu/]


Processing HomesController#index (for 129.7.204.176 at 2012-04-22 16:10:41) [GET]
Rendering template within layouts/application
Rendering homes/index
Rendered layouts/_start (0.0ms)
Rendered layouts/_header (0.0ms)
Rendered layouts/_leftcol (0.0ms)
Rendered layouts/_help (0.0ms)
Rendered layouts/_footer (0.0ms)
Completed in 16ms (View: 16, DB: 0) | 200 OK [http://floodwatch.ie.uh.edu/]


Processing HomesController#index (for 129.7.204.176 at 2012-04-22 16:11:29) [GET]
Rendering template within layouts/application
Rendering homes/index
Rendered layouts/_start (0.0ms)
Rendered layouts/_header (0.0ms)
Rendered layouts/_leftcol (0.0ms)
Rendered layouts/_help (0.0ms)
Rendered layouts/_footer (0.0ms)
Completed in 47ms (View: 16, DB: 0) | 200 OK [http://floodwatch.ie.uh.edu/]


Processing HomesController#index (for 129.7.204.176 at 2012-04-22 16:14:47) [GET]
Rendering template within layouts/application
Rendering homes/index
Rendered layouts/_start (0.0ms)
Rendered layouts/_header (0.0ms)
Rendered layouts/_leftcol (0.0ms)
Rendered layouts/_help (15.6ms)
Rendered layouts/_footer (0.0ms)
Completed in 31ms (View: 16, DB: 0) | 200 OK [http://floodwatch.ie.uh.edu/]


Processing HomesController#index (for 129.7.204.176 at 2012-04-22 16:15:15) [GET]
Rendering template within layouts/application
Rendering homes/index
Rendered layouts/_start (15.6ms)
Rendered layouts/_header (0.0ms)
Rendered layouts/_leftcol (0.0ms)
Rendered layouts/_help (0.0ms)
Rendered layouts/_footer (0.0ms)
Completed in 16ms (View: 16, DB: 0) | 200 OK [http://floodwatch.ie.uh.edu/]


Processing HomesController#index (for 129.7.204.176 at 2012-04-22 16:29:21) [GET]
Rendering template within layouts/application
Rendering homes/index
Rendered layouts/_start (0.0ms)
Rendered layouts/_header (0.0ms)
Rendered layouts/_leftcol (0.0ms)
Rendered layouts/_help (15.6ms)
Rendered layouts/_footer (0.0ms)
Completed in 16ms (View: 16, DB: 0) | 200 OK [http://floodwatch.ie.uh.edu/]


Processing HomesController#index (for 129.7.204.176 at 2012-04-22 16:30:25) [GET]
Rendering template within layouts/application
Rendering homes/index
Rendered layouts/_start (0.0ms)
Rendered layouts/_header (0.0ms)
Rendered layouts/_leftcol (0.0ms)
Rendered layouts/_help (0.0ms)
Rendered layouts/_footer (0.0ms)
Completed in 16ms (View: 16, DB: 0) | 200 OK [http://floodwatch.ie.uh.edu/]


Processing HomesController#index (for 129.7.204.176 at 2012-04-22 16:31:18) [GET]
Rendering template within layouts/application
Rendering homes/index
Rendered layouts/_start (0.0ms)
Rendered layouts/_header (0.0ms)
Rendered layouts/_leftcol (0.0ms)
Rendered layouts/_help (0.0ms)
Rendered layouts/_footer (0.0ms)
Completed in 31ms (View: 16, DB: 0) | 200 OK [http://floodwatch.ie.uh.edu/]


Processing HomesController#index (for 129.7.204.176 at 2012-04-22 16:47:22) [GET]
Rendering template within layouts/application
Rendering homes/index
Rendered layouts/_start (0.0ms)
Rendered layouts/_header (0.0ms)
Rendered layouts/_leftcol (0.0ms)
Rendered layouts/_help (0.0ms)
Rendered layouts/_footer (0.0ms)
Completed in 16ms (View: 16, DB: 0) | 200 OK [http://floodwatch.ie.uh.edu/]


Processing HomesController#index (for 129.7.204.176 at 2012-04-22 16:48:12) [GET]
Rendering template within layouts/application
Rendering homes/index
Rendered layouts/_start (15.6ms)
Rendered layouts/_header (0.0ms)
Rendered layouts/_leftcol (0.0ms)
Rendered layouts/_help (0.0ms)
Rendered layouts/_footer (0.0ms)
Completed in 16ms (View: 16, DB: 0) | 200 OK [http://floodwatch.ie.uh.edu/]


Processing HomesController#index (for 129.7.204.176 at 2012-04-22 16:48:17) [GET]
Rendering template within layouts/application
Rendering homes/index
Rendered layouts/_start (0.0ms)
Rendered layouts/_header (0.0ms)
Rendered layouts/_leftcol (0.0ms)
Rendered layouts/_help (0.0ms)
Rendered layouts/_footer (0.0ms)
Completed in 16ms (View: 16, DB: 0) | 200 OK [http://floodwatch.ie.uh.edu/]


Processing HomesController#index (for 129.7.204.176 at 2012-04-22 16:48:44) [GET]
Rendering template within layouts/application
Rendering homes/index
Rendered layouts/_start (0.0ms)
Rendered layouts/_header (0.0ms)
Rendered layouts/_leftcol (0.0ms)
Rendered layouts/_help (0.0ms)
Rendered layouts/_footer (0.0ms)
Completed in 16ms (View: 16, DB: 0) | 200 OK [http://floodwatch.ie.uh.edu/]


Processing HomesController#index (for 129.7.204.176 at 2012-04-22 16:50:22) [GET]
Rendering template within layouts/application
Rendering homes/index
Rendered layouts/_start (0.0ms)
Rendered layouts/_header (0.0ms)
Rendered layouts/_leftcol (0.0ms)
Rendered layouts/_help (0.0ms)
Rendered layouts/_footer (0.0ms)
Completed in 31ms (View: 16, DB: 0) | 200 OK [http://floodwatch.ie.uh.edu/]


Processing HomesController#index (for 129.7.204.176 at 2012-04-22 16:51:48) [GET]
Rendering template within layouts/application
Rendering homes/index
Rendered layouts/_start (0.0ms)
Rendered layouts/_header (0.0ms)
Rendered layouts/_leftcol (0.0ms)
Rendered layouts/_help (0.0ms)
Rendered layouts/_footer (0.0ms)
Completed in 16ms (View: 16, DB: 0) | 200 OK [http://floodwatch.ie.uh.edu/]


Processing HomesController#index (for 129.7.204.176 at 2012-04-22 16:52:08) [GET]
Rendering template within layouts/application
Rendering homes/index
Rendered layouts/_start (0.0ms)
Rendered layouts/_header (0.0ms)
Rendered layouts/_leftcol (0.0ms)
Rendered layouts/_help (15.6ms)
Rendered layouts/_footer (0.0ms)
Completed in 31ms (View: 16, DB: 0) | 200 OK [http://floodwatch.ie.uh.edu/]


Processing HomesController#index (for 129.7.204.176 at 2012-04-22 16:53:59) [GET]
Rendering template within layouts/application
Rendering homes/index
Rendered layouts/_start (15.6ms)
Rendered layouts/_header (0.0ms)
Rendered layouts/_leftcol (0.0ms)
Rendered layouts/_help (0.0ms)
Rendered layouts/_footer (0.0ms)
Completed in 16ms (View: 16, DB: 0) | 200 OK [http://floodwatch.ie.uh.edu/]


Processing HomesController#index (for 129.7.204.176 at 2012-04-22 16:55:34) [GET]
Rendering template within layouts/application
Rendering homes/index
Rendered layouts/_start (15.6ms)
Rendered layouts/_header (0.0ms)
Rendered layouts/_leftcol (0.0ms)
Rendered layouts/_help (0.0ms)
Rendered layouts/_footer (0.0ms)
Completed in 16ms (View: 16, DB: 0) | 200 OK [http://floodwatch.ie.uh.edu/]


Processing HomesController#index (for 129.7.204.176 at 2012-04-22 16:55:50) [GET]
Rendering template within layouts/application
Rendering homes/index
Rendered layouts/_start (15.6ms)
Rendered layouts/_header (0.0ms)
Rendered layouts/_leftcol (0.0ms)
Rendered layouts/_help (0.0ms)
Rendered layouts/_footer (0.0ms)
Completed in 16ms (View: 16, DB: 0) | 200 OK [http://floodwatch.ie.uh.edu/]


Processing HomesController#index (for 129.7.204.176 at 2012-04-22 16:57:51) [GET]
Rendering template within layouts/application
Rendering homes/index
Rendered layouts/_start (0.0ms)
Rendered layouts/_header (0.0ms)
Rendered layouts/_leftcol (0.0ms)
Rendered layouts/_help (0.0ms)
Rendered layouts/_footer (0.0ms)
Completed in 16ms (View: 16, DB: 0) | 200 OK [http://floodwatch.ie.uh.edu/]


Processing HomesController#index (for 129.7.204.176 at 2012-04-22 16:58:24) [GET]
Rendering template within layouts/application
Rendering homes/index
Rendered layouts/_start (0.0ms)
Rendered layouts/_header (0.0ms)
Rendered layouts/_leftcol (0.0ms)
Rendered layouts/_help (15.6ms)
Rendered layouts/_footer (0.0ms)
Completed in 31ms (View: 16, DB: 0) | 200 OK [http://floodwatch.ie.uh.edu/]


Processing HomesController#index (for 129.7.204.176 at 2012-04-22 16:59:01) [GET]
Rendering template within layouts/application
Rendering homes/index
Rendered layouts/_start (15.6ms)
Rendered layouts/_header (0.0ms)
Rendered layouts/_leftcol (0.0ms)
Rendered layouts/_help (0.0ms)
Rendered layouts/_footer (0.0ms)
Completed in 16ms (View: 16, DB: 0) | 200 OK [http://floodwatch.ie.uh.edu/]


Processing HomesController#index (for 129.7.204.176 at 2012-04-22 16:59:26) [GET]
Rendering template within layouts/application
Rendering homes/index
Rendered layouts/_start (15.6ms)
Rendered layouts/_header (0.0ms)
Rendered layouts/_leftcol (0.0ms)
Rendered layouts/_help (0.0ms)
Rendered layouts/_footer (0.0ms)
Completed in 16ms (View: 16, DB: 0) | 200 OK [http://floodwatch.ie.uh.edu/]


Processing HomesController#index (for 129.7.204.176 at 2012-04-22 17:00:02) [GET]
Rendering template within layouts/application
Rendering homes/index
Rendered layouts/_start (0.0ms)
Rendered layouts/_header (0.0ms)
Rendered layouts/_leftcol (0.0ms)
Rendered layouts/_help (0.0ms)
Rendered layouts/_footer (0.0ms)
Completed in 16ms (View: 16, DB: 0) | 200 OK [http://floodwatch.ie.uh.edu/]


Processing HomesController#index (for 129.7.204.176 at 2012-04-22 17:01:31) [GET]
Rendering template within layouts/application
Rendering homes/index
Rendered layouts/_start (0.0ms)
Rendered layouts/_header (0.0ms)
Rendered layouts/_leftcol (0.0ms)
Rendered layouts/_help (15.6ms)
Rendered layouts/_footer (0.0ms)
Completed in 16ms (View: 16, DB: 0) | 200 OK [http://floodwatch.ie.uh.edu/]


Processing HomesController#index (for 129.7.204.176 at 2012-04-22 17:03:16) [GET]
Rendering template within layouts/application
Rendering homes/index
Rendered layouts/_start (0.0ms)
Rendered layouts/_header (0.0ms)
Rendered layouts/_leftcol (0.0ms)
Rendered layouts/_help (0.0ms)
Rendered layouts/_footer (0.0ms)
Completed in 16ms (View: 16, DB: 0) | 200 OK [http://floodwatch.ie.uh.edu/]


Processing HomesController#index (for 129.7.204.176 at 2012-04-22 17:04:15) [GET]
Rendering template within layouts/application
Rendering homes/index
Rendered layouts/_start (0.0ms)
Rendered layouts/_header (0.0ms)
Rendered layouts/_leftcol (0.0ms)
Rendered layouts/_help (0.0ms)
Rendered layouts/_footer (0.0ms)
Completed in 47ms (View: 47, DB: 0) | 200 OK [http://floodwatch.ie.uh.edu/]


Processing HomesController#index (for 129.7.204.176 at 2012-04-22 17:09:55) [GET]
Rendering template within layouts/application
Rendering homes/index
Rendered layouts/_start (0.0ms)
Rendered layouts/_header (0.0ms)
Rendered layouts/_leftcol (0.0ms)
Rendered layouts/_help (15.6ms)
Rendered layouts/_footer (0.0ms)
Completed in 16ms (View: 16, DB: 0) | 200 OK [http://floodwatch.ie.uh.edu/]


Processing HomesController#index (for 129.7.204.176 at 2012-04-22 17:10:55) [GET]
Rendering template within layouts/application
Rendering homes/index
Rendered layouts/_start (0.0ms)
Rendered layouts/_header (0.0ms)
Rendered layouts/_leftcol (0.0ms)
Rendered layouts/_help (0.0ms)
Rendered layouts/_footer (0.0ms)
Completed in 16ms (View: 16, DB: 0) | 200 OK [http://floodwatch.ie.uh.edu/]


Processing HomesController#index (for 129.7.204.176 at 2012-04-22 17:19:47) [GET]
Rendering template within layouts/application
Rendering homes/index
Rendered layouts/_start (15.6ms)
Rendered layouts/_header (0.0ms)
Rendered layouts/_leftcol (0.0ms)
Rendered layouts/_help (0.0ms)
Rendered layouts/_footer (0.0ms)
Completed in 16ms (View: 16, DB: 0) | 200 OK [http://floodwatch.ie.uh.edu/]


Processing HomesController#index (for 129.7.204.176 at 2012-04-22 17:20:12) [GET]
Rendering template within layouts/application
Rendering homes/index
Rendered layouts/_start (0.0ms)
Rendered layouts/_header (0.0ms)
Rendered layouts/_leftcol (0.0ms)
Rendered layouts/_help (0.0ms)
Rendered layouts/_footer (0.0ms)
Completed in 31ms (View: 16, DB: 0) | 200 OK [http://floodwatch.ie.uh.edu/]


Processing HomesController#index (for 129.7.204.176 at 2012-04-22 17:21:51) [GET]
Rendering template within layouts/application
Rendering homes/index
Rendered layouts/_start (0.0ms)
Rendered layouts/_header (0.0ms)
Rendered layouts/_leftcol (0.0ms)
Rendered layouts/_help (0.0ms)
Rendered layouts/_footer (0.0ms)
Completed in 31ms (View: 16, DB: 0) | 200 OK [http://floodwatch.ie.uh.edu/]


Processing HomesController#index (for 129.7.204.176 at 2012-04-22 17:22:39) [GET]
Rendering template within layouts/application
Rendering homes/index
Rendered layouts/_start (0.0ms)
Rendered layouts/_header (0.0ms)
Rendered layouts/_leftcol (0.0ms)
Rendered layouts/_help (0.0ms)
Rendered layouts/_footer (0.0ms)
Completed in 47ms (View: 47, DB: 0) | 200 OK [http://floodwatch.ie.uh.edu/]


Processing HomesController#index (for 129.7.204.176 at 2012-04-22 17:25:25) [GET]
Rendering template within layouts/application
Rendering homes/index
Rendered layouts/_start (15.6ms)
Rendered layouts/_header (0.0ms)
Rendered layouts/_leftcol (0.0ms)
Rendered layouts/_help (0.0ms)
Rendered layouts/_footer (0.0ms)
Completed in 16ms (View: 16, DB: 0) | 200 OK [http://floodwatch.ie.uh.edu/]


Processing HomesController#index (for 129.7.204.176 at 2012-04-22 17:25:39) [GET]
Rendering template within layouts/application
Rendering homes/index
Rendered layouts/_start (0.0ms)
Rendered layouts/_header (0.0ms)
Rendered layouts/_leftcol (0.0ms)
Rendered layouts/_help (0.0ms)
Rendered layouts/_footer (0.0ms)
Completed in 16ms (View: 16, DB: 0) | 200 OK [http://floodwatch.ie.uh.edu/]


Processing HomesController#index (for 129.7.204.176 at 2012-04-22 17:27:13) [GET]
Rendering template within layouts/application
Rendering homes/index
Rendered layouts/_start (0.0ms)
Rendered layouts/_header (0.0ms)
Rendered layouts/_leftcol (0.0ms)
Rendered layouts/_help (0.0ms)
Rendered layouts/_footer (0.0ms)
Completed in 16ms (View: 16, DB: 0) | 200 OK [http://floodwatch.ie.uh.edu/]


Processing HomesController#index (for 129.7.204.176 at 2012-04-22 17:28:22) [GET]
Rendering template within layouts/application
Rendering homes/index
Rendered layouts/_start (0.0ms)
Rendered layouts/_header (0.0ms)
Rendered layouts/_leftcol (0.0ms)
Rendered layouts/_help (0.0ms)
Rendered layouts/_footer (0.0ms)
Completed in 16ms (View: 16, DB: 0) | 200 OK [http://floodwatch.ie.uh.edu/]


Processing HomesController#index (for 129.7.204.176 at 2012-04-22 17:32:34) [GET]
Rendering template within layouts/application
Rendering homes/index
Rendered layouts/_start (0.0ms)
Rendered layouts/_header (0.0ms)
Rendered layouts/_leftcol (0.0ms)
Rendered layouts/_help (0.0ms)
Rendered layouts/_footer (0.0ms)
Completed in 31ms (View: 31, DB: 0) | 200 OK [http://www.worldatnight.org/]


Processing HomesController#index (for 129.7.204.176 at 2012-04-22 17:32:35) [GET]
Rendering template within layouts/application
Rendering homes/index
Rendered layouts/_start (0.0ms)
Rendered layouts/_header (0.0ms)
Rendered layouts/_leftcol (0.0ms)
Rendered layouts/_help (0.0ms)
Rendered layouts/_footer (0.0ms)
Completed in 16ms (View: 16, DB: 0) | 200 OK [http://www.worldatnight.org/]


Processing HomesController#index (for 129.7.204.176 at 2012-04-22 17:37:50) [GET]
Rendering template within layouts/application
Rendering homes/index
Rendered layouts/_start (0.0ms)
Rendered layouts/_header (0.0ms)
Rendered layouts/_leftcol (0.0ms)
Rendered layouts/_help (0.0ms)
Rendered layouts/_footer (0.0ms)
Completed in 16ms (View: 16, DB: 0) | 200 OK [http://floodwatch.ie.uh.edu/]


Processing HomesController#index (for 129.7.204.176 at 2012-04-22 17:39:07) [GET]
Rendering template within layouts/application
Rendering homes/index
Rendered layouts/_start (0.0ms)
Rendered layouts/_header (0.0ms)
Rendered layouts/_leftcol (0.0ms)
Rendered layouts/_help (0.0ms)
Rendered layouts/_footer (0.0ms)
Completed in 16ms (View: 16, DB: 0) | 200 OK [http://floodwatch.ie.uh.edu/]


Processing HomesController#index (for 129.7.204.176 at 2012-04-22 17:39:09) [GET]
Rendering template within layouts/application
Rendering homes/index
Rendered layouts/_start (0.0ms)
Rendered layouts/_header (0.0ms)
Rendered layouts/_leftcol (0.0ms)
Rendered layouts/_help (0.0ms)
Rendered layouts/_footer (0.0ms)
Completed in 16ms (View: 0, DB: 0) | 200 OK [http://floodwatch.ie.uh.edu/]


Processing HomesController#index (for 129.7.204.176 at 2012-04-22 17:40:06) [GET]
Rendering template within layouts/application
Rendering homes/index
Rendered layouts/_start (15.6ms)
Rendered layouts/_header (0.0ms)
Rendered layouts/_leftcol (0.0ms)
Rendered layouts/_help (0.0ms)
Rendered layouts/_footer (0.0ms)
Completed in 16ms (View: 16, DB: 0) | 200 OK [http://floodwatch.ie.uh.edu/]


Processing HomesController#index (for 129.7.204.176 at 2012-04-22 17:41:02) [GET]
Rendering template within layouts/application
Rendering homes/index
Rendered layouts/_start (15.6ms)
Rendered layouts/_header (0.0ms)
Rendered layouts/_leftcol (0.0ms)
Rendered layouts/_help (0.0ms)
Rendered layouts/_footer (0.0ms)
Completed in 16ms (View: 16, DB: 0) | 200 OK [http://floodwatch.ie.uh.edu/]


Processing HomesController#index (for 129.7.204.176 at 2012-04-22 17:41:45) [GET]
Rendering template within layouts/application
Rendering homes/index
Rendered layouts/_start (0.0ms)
Rendered layouts/_header (0.0ms)
Rendered layouts/_leftcol (0.0ms)
Rendered layouts/_help (0.0ms)
Rendered layouts/_footer (0.0ms)
Completed in 16ms (View: 16, DB: 0) | 200 OK [http://floodwatch.ie.uh.edu/]
